<?xml version="1.0" encoding="UTF-8"?>
<!-- Generated by org.testng.reporters.JUnitReportReporter -->
<testsuite hostname="LAPTOP-VDE2I4SU" failures="0" tests="4" name="com.obsqura.testscripts.AdminUsersTest" time="24.771" errors="0" timestamp="2023-04-26T01:16:42 IST" skipped="0">
  <testcase classname="com.obsqura.testscripts.AdminUsersTest" name="verifyDeleteFunctionalityAndCheckAlert" time="10.601"/>
  <system-out/>
  <testcase classname="com.obsqura.testscripts.AdminUsersTest" name="verifyWhenClickingHomeinAdminUsersPageitgoestoDashBoardPage" time="4.447"/>
  <system-out/>
  <testcase classname="com.obsqura.testscripts.AdminUsersTest" name="verifydropdownMenuWhenAddingUsersInformation" time="4.338"/>
  <system-out/>
  <testcase classname="com.obsqura.testscripts.AdminUsersTest" name="verifyAddingUsersInformations" time="5.385"/>
  <system-out/>
</testsuite> <!-- com.obsqura.testscripts.AdminUsersTest -->
