<?xml version="1.0" encoding="UTF-8"?>
<!-- Generated by org.testng.reporters.JUnitReportReporter -->
<testsuite hostname="LAPTOP-VDE2I4SU" failures="0" tests="1" name="com.obsqura.testscripts.ManageProductTest" time="8.325" errors="0" timestamp="2023-04-16T12:27:21 IST" skipped="0">
  <testcase classname="com.obsqura.testscripts.ManageProductTest" name="verifyColorChangeofStockUnlimitedButtontoLimited" time="8.325"/>
  <system-out/>
</testsuite> <!-- com.obsqura.testscripts.ManageProductTest -->
