<?xml version="1.0" encoding="UTF-8"?>
<!-- Generated by org.testng.reporters.JUnitReportReporter -->
<testsuite hostname="LAPTOP-VDE2I4SU" failures="0" tests="3" name="com.obsqura.testscripts.ManageDeliveryBoyTest" time="23.035" errors="0" timestamp="2023-05-03T19:25:54 IST" skipped="0">
  <testcase classname="com.obsqura.testscripts.ManageDeliveryBoyTest" name="verifyTitleListDeliveryBoyWhenNavigatetoTheManageDeliveryBoyPage" time="9.334"/>
  <system-out/>
  <testcase classname="com.obsqura.testscripts.ManageDeliveryBoyTest" name="verifynewDeliveryBoyDetailsUpdated" time="8.255"/>
  <system-out/>
  <testcase classname="com.obsqura.testscripts.ManageDeliveryBoyTest" name="verifythatWhenaddingNewDeliveryBoyduplicateUserNameisNotAllowed" time="5.446"/>
  <system-out/>
</testsuite> <!-- com.obsqura.testscripts.ManageDeliveryBoyTest -->
