<?xml version="1.0" encoding="UTF-8"?>
<!-- Generated by org.testng.reporters.JUnitReportReporter -->
<testsuite hostname="LAPTOP-VDE2I4SU" failures="0" tests="2" name="com.obsqura.testscripts.ManagePagesTest" time="14.074" errors="0" timestamp="2023-04-21T12:18:09 IST" skipped="0">
  <testcase classname="com.obsqura.testscripts.ManagePagesTest" name="verifySearchfunctinalityworksandShowCorrespondingRows" time="5.258"/>
  <system-out/>
  <testcase classname="com.obsqura.testscripts.ManagePagesTest" name="verifyBackgroundColorOfNewButton" time="8.816"/>
  <system-out/>
</testsuite> <!-- com.obsqura.testscripts.ManagePagesTest -->
