<?xml version="1.0" encoding="UTF-8"?>
<!-- Generated by org.testng.reporters.JUnitReportReporter -->
<testsuite hostname="LAPTOP-VDE2I4SU" failures="0" tests="3" name="com.obsqura.testscripts.ManageUsersTest" time="12.214" errors="0" timestamp="2023-05-03T19:25:54 IST" skipped="0">
  <testcase classname="com.obsqura.testscripts.ManageUsersTest" name="verifyBackGroundColorOfAlert" time="4.242"/>
  <system-out/>
  <testcase classname="com.obsqura.testscripts.ManageUsersTest" name="verifySearchFunctinality" time="4.104"/>
  <system-out/>
  <testcase classname="com.obsqura.testscripts.ManageUsersTest" name="verifythatWhenclickingPaaswordButtonPasswordIsShownInBelowRow" time="3.868"/>
  <system-out/>
</testsuite> <!-- com.obsqura.testscripts.ManageUsersTest -->
