<?xml version="1.0" encoding="UTF-8"?>
<!-- Generated by org.testng.reporters.JUnitReportReporter -->
<testsuite hostname="LAPTOP-VDE2I4SU" failures="0" tests="2" name="com.obsqura.testscripts.ManagePaymentMethodsTest" time="9.123" errors="0" timestamp="2023-05-03T19:25:54 IST" skipped="0">
  <testcase classname="com.obsqura.testscripts.ManagePaymentMethodsTest" name="verifythatEditchangesInPaylimitUpdatedInManagePaymentMethodsTable" time="5.061"/>
  <system-out/>
  <testcase classname="com.obsqura.testscripts.ManagePaymentMethodsTest" name="verifytableheadersofManagePaymentMethods" time="4.062"/>
  <system-out/>
</testsuite> <!-- com.obsqura.testscripts.ManagePaymentMethodsTest -->
