<?xml version="1.0" encoding="UTF-8"?>
<!-- Generated by org.testng.reporters.JUnitReportReporter -->
<testsuite hostname="LAPTOP-VDE2I4SU" failures="0" tests="2" name="com.obsqura.testscripts.ManageSliderTest" time="14.469" errors="0" timestamp="2023-04-26T01:16:42 IST" skipped="0">
  <testcase classname="com.obsqura.testscripts.ManageSliderTest" name="verifyImageUploadedSuccesfully" time="10.386"/>
  <system-out/>
  <testcase classname="com.obsqura.testscripts.ManageSliderTest" name="verifyeditbuttonAllignedBeforeDeleteButton" time="4.083"/>
  <system-out/>
</testsuite> <!-- com.obsqura.testscripts.ManageSliderTest -->
