<?xml version="1.0" encoding="UTF-8"?>
<!-- Generated by org.testng.reporters.JUnitReportReporter -->
<testsuite hostname="LAPTOP-VDE2I4SU" failures="0" tests="5" name="com.obsqura.testscripts.AdminUsersTest" time="19.600" errors="0" timestamp="2023-04-27T15:25:39 IST" skipped="0">
  <testcase classname="com.obsqura.testscripts.AdminUsersTest" name="verifyUnlockButtonChangesStatusofUserbyCheckingBackgroundColor" time="3.889"/>
  <system-out/>
  <testcase classname="com.obsqura.testscripts.AdminUsersTest" name="verifyAddingUsersInformations" time="3.891"/>
  <system-out/>
  <testcase classname="com.obsqura.testscripts.AdminUsersTest" name="verifyDeleteFunctionalityAndCheckAlert" time="4.158"/>
  <system-out/>
  <testcase classname="com.obsqura.testscripts.AdminUsersTest" name="verifydropdownMenuWhenAddingUsersInformation" time="3.676"/>
  <system-out/>
  <testcase classname="com.obsqura.testscripts.AdminUsersTest" name="verifyWhenClickingHomeinAdminUsersPageitgoestoDashBoardPage" time="3.986"/>
  <system-out/>
</testsuite> <!-- com.obsqura.testscripts.AdminUsersTest -->
