<?xml version="1.0" encoding="UTF-8"?>
<!-- Generated by org.testng.reporters.JUnitReportReporter -->
<testsuite hostname="LAPTOP-VDE2I4SU" failures="0" tests="1" name="com.obsqura.testscripts.ExpenseCategoryTest" time="6.192" errors="0" timestamp="2023-04-23T18:42:15 IST" skipped="0">
  <testcase classname="com.obsqura.testscripts.ExpenseCategoryTest" name="verifyWidthOfActionColumn" time="6.192"/>
  <system-out/>
</testsuite> <!-- com.obsqura.testscripts.ExpenseCategoryTest -->
