<?xml version="1.0" encoding="UTF-8"?>
<!-- Generated by org.testng.reporters.JUnitReportReporter -->
<testsuite hostname="LAPTOP-VDE2I4SU" failures="0" tests="4" name="com.obsqura.testscripts.ExpenseCategoryTest" time="41.940" errors="0" timestamp="2023-04-26T01:16:42 IST" skipped="1">
  <testcase classname="com.obsqura.testscripts.ExpenseCategoryTest" name="verifyRowCountofExpenseCategoryTable" time="7.890"/>
  <system-out/>
  <testcase classname="com.obsqura.testscripts.ExpenseCategoryTest" name="verifyWidthOfActionColumn" time="3.929"/>
  <system-out/>
  <testcase classname="com.obsqura.testscripts.ExpenseCategoryTest" name="verifyAddingExpenseCategoryInformationswithDuplicateTitle" time="24.280">
    <skipped/>
  </testcase> <!-- verifyAddingExpenseCategoryInformationswithDuplicateTitle -->
  <system-out/>
  <testcase classname="com.obsqura.testscripts.ExpenseCategoryTest" name="verifyAddingExpenseCategoryInformationswithDuplicateTitle" time="5.841"/>
  <system-out/>
</testsuite> <!-- com.obsqura.testscripts.ExpenseCategoryTest -->
