<?xml version="1.0" encoding="UTF-8"?>
<!-- Generated by org.testng.reporters.JUnitReportReporter -->
<testsuite hostname="LAPTOP-VDE2I4SU" failures="0" tests="2" name="com.obsqura.testscripts.ManageProductTest" time="8.146" errors="0" timestamp="2023-04-26T01:16:42 IST" skipped="0">
  <testcase classname="com.obsqura.testscripts.ManageProductTest" name="verifyColorChangeofStockUnlimitedButtontoLimited" time="4.299"/>
  <system-out/>
  <testcase classname="com.obsqura.testscripts.ManageProductTest" name="verifyManageProductPageIsAvailableWhenClickintoManageProductfromleftPane" time="3.847"/>
  <system-out/>
</testsuite> <!-- com.obsqura.testscripts.ManageProductTest -->
