<?xml version="1.0" encoding="UTF-8"?>
<!-- Generated by org.testng.reporters.JUnitReportReporter -->
<testsuite hostname="LAPTOP-VDE2I4SU" failures="0" tests="1" name="com.obsqura.testscripts.LoginPageTest" time="4.825" errors="0" timestamp="2023-04-14T01:13:30 IST" skipped="0">
  <testcase classname="com.obsqura.testscripts.LoginPageTest" name="verifyLoginwithValidUsernameAndPassword" time="4.825"/>
  <system-out/>
</testsuite> <!-- com.obsqura.testscripts.LoginPageTest -->
