<?xml version="1.0" encoding="UTF-8"?>
<!-- Generated by org.testng.reporters.JUnitReportReporter -->
<testsuite hostname="LAPTOP-VDE2I4SU" failures="0" tests="1" name="com.obsqura.testscripts.ManageSliderTest" time="6.262" errors="0" timestamp="2023-04-20T02:22:20 IST" skipped="0">
  <testcase classname="com.obsqura.testscripts.ManageSliderTest" name="verifyeditbuttonAllignedBeforeDeleteButton" time="6.262"/>
  <system-out/>
</testsuite> <!-- com.obsqura.testscripts.ManageSliderTest -->
