<?xml version="1.0" encoding="UTF-8"?>
<!-- Generated by org.testng.reporters.JUnitReportReporter -->
<testsuite hostname="LAPTOP-VDE2I4SU" failures="0" tests="2" name="com.obsqura.testscripts.ManageSliderTest" time="9.660" errors="0" timestamp="2023-05-03T19:25:54 IST" skipped="0">
  <testcase classname="com.obsqura.testscripts.ManageSliderTest" name="verifyeditbuttonAllignedBeforeDeleteButton" time="4.267"/>
  <system-out/>
  <testcase classname="com.obsqura.testscripts.ManageSliderTest" name="verifyImageUploadedSuccesfully" time="5.393"/>
  <system-out/>
</testsuite> <!-- com.obsqura.testscripts.ManageSliderTest -->
