<?xml version="1.0" encoding="UTF-8"?>
<!-- Generated by org.testng.reporters.JUnitReportReporter -->
<testsuite hostname="LAPTOP-VDE2I4SU" failures="0" tests="2" name="com.obsqura.testscripts.ManageUsersTest" time="8.125" errors="0" timestamp="2023-04-26T01:16:42 IST" skipped="0">
  <testcase classname="com.obsqura.testscripts.ManageUsersTest" name="verifyBackGroundColorOfAlert" time="4.302"/>
  <system-out/>
  <testcase classname="com.obsqura.testscripts.ManageUsersTest" name="verifythatWhenclickingPaaswordButtonPasswordIsShownInBelowRow" time="3.823"/>
  <system-out/>
</testsuite> <!-- com.obsqura.testscripts.ManageUsersTest -->
