<?xml version="1.0" encoding="UTF-8"?>
<!-- Generated by org.testng.reporters.JUnitReportReporter -->
<testsuite hostname="LAPTOP-VDE2I4SU" failures="0" tests="2" name="com.obsqura.testscripts.ManagePaymentMethodsTest" time="8.259" errors="0" timestamp="2023-04-27T15:25:39 IST" skipped="0">
  <testcase classname="com.obsqura.testscripts.ManagePaymentMethodsTest" name="verifytableheadersofManagePaymentMethods" time="3.720"/>
  <system-out/>
  <testcase classname="com.obsqura.testscripts.ManagePaymentMethodsTest" name="verifythatEditchangesInPaylimitUpdatedInManagePaymentMethodsTable" time="4.539"/>
  <system-out/>
</testsuite> <!-- com.obsqura.testscripts.ManagePaymentMethodsTest -->
