<?xml version="1.0" encoding="UTF-8"?>
<!-- Generated by org.testng.reporters.JUnitReportReporter -->
<testsuite hostname="LAPTOP-VDE2I4SU" failures="0" tests="3" name="com.obsqura.testscripts.ExpenseCategoryTest" time="17.808" errors="0" timestamp="2023-05-03T19:25:54 IST" skipped="0">
  <testcase classname="com.obsqura.testscripts.ExpenseCategoryTest" name="verifyWidthOfActionColumn" time="7.876"/>
  <system-out/>
  <testcase classname="com.obsqura.testscripts.ExpenseCategoryTest" name="verifyRowCountofExpenseCategoryTable" time="4.661"/>
  <system-out/>
  <testcase classname="com.obsqura.testscripts.ExpenseCategoryTest" name="verifyAddingExpenseCategoryInformationswithDuplicateTitle" time="5.271"/>
  <system-out/>
</testsuite> <!-- com.obsqura.testscripts.ExpenseCategoryTest -->
