<?xml version="1.0" encoding="UTF-8"?>
<!-- Generated by org.testng.reporters.JUnitReportReporter -->
<testsuite hostname="LAPTOP-VDE2I4SU" failures="0" tests="1" name="com.obsqura.testscripts.ManageOfferCodeTest" time="3.793" errors="0" timestamp="2023-04-27T15:25:39 IST" skipped="0">
  <testcase classname="com.obsqura.testscripts.ManageOfferCodeTest" name="verifySearchIfElementisNotPresent" time="3.793"/>
  <system-out/>
</testsuite> <!-- com.obsqura.testscripts.ManageOfferCodeTest -->
