<?xml version="1.0" encoding="UTF-8"?>
<!-- Generated by org.testng.reporters.JUnitReportReporter -->
<testsuite hostname="LAPTOP-VDE2I4SU" failures="0" tests="2" name="com.obsqura.testscripts.ManagePagesTest" time="12.083" errors="0" timestamp="2023-04-26T01:16:42 IST" skipped="0">
  <testcase classname="com.obsqura.testscripts.ManagePagesTest" name="verifyBackgroundColorOfNewButton" time="6.179"/>
  <system-out/>
  <testcase classname="com.obsqura.testscripts.ManagePagesTest" name="verifySearchfunctinality" time="5.904"/>
  <system-out/>
</testsuite> <!-- com.obsqura.testscripts.ManagePagesTest -->
