<?xml version="1.0" encoding="UTF-8"?>
<!-- Generated by org.testng.reporters.JUnitReportReporter -->
<testsuite hostname="LAPTOP-VDE2I4SU" failures="0" tests="6" name="com.obsqura.testscripts.ExpenseCategoryTest" time="88.808" errors="0" timestamp="2023-04-27T15:25:39 IST" skipped="3">
  <testcase classname="com.obsqura.testscripts.ExpenseCategoryTest" name="verifyRowCountofExpenseCategoryTable" time="3.986"/>
  <system-out/>
  <testcase classname="com.obsqura.testscripts.ExpenseCategoryTest" name="verifyWidthOfActionColumn" time="3.854"/>
  <system-out/>
  <testcase classname="com.obsqura.testscripts.ExpenseCategoryTest" name="verifyAddingExpenseCategoryInformationswithDuplicateTitle" time="24.346">
    <skipped/>
  </testcase> <!-- verifyAddingExpenseCategoryInformationswithDuplicateTitle -->
  <system-out/>
  <testcase classname="com.obsqura.testscripts.ExpenseCategoryTest" name="verifyWidthOfActionColumn" time="13.945">
    <skipped/>
  </testcase> <!-- verifyWidthOfActionColumn -->
  <system-out/>
  <testcase classname="com.obsqura.testscripts.ExpenseCategoryTest" name="verifyRowCountofExpenseCategoryTable" time="34.137">
    <skipped/>
  </testcase> <!-- verifyRowCountofExpenseCategoryTable -->
  <system-out/>
  <testcase classname="com.obsqura.testscripts.ExpenseCategoryTest" name="verifyAddingExpenseCategoryInformationswithDuplicateTitle" time="8.540"/>
  <system-out/>
</testsuite> <!-- com.obsqura.testscripts.ExpenseCategoryTest -->
