<?xml version="1.0" encoding="UTF-8"?>
<!-- Generated by org.testng.reporters.JUnitReportReporter -->
<testsuite hostname="LAPTOP-VDE2I4SU" failures="0" tests="3" name="com.obsqura.testscripts.LoginPageTest" time="8.768" errors="0" timestamp="2023-04-27T17:00:11 IST" skipped="0">
  <testcase classname="com.obsqura.testscripts.LoginPageTest" name="verifylogin" time="2.924"/>
  <system-out/>
  <testcase classname="com.obsqura.testscripts.LoginPageTest" name="verifylogin" time="2.667"/>
  <system-out/>
  <testcase classname="com.obsqura.testscripts.LoginPageTest" name="verifylogin" time="3.177"/>
  <system-out/>
</testsuite> <!-- com.obsqura.testscripts.LoginPageTest -->
