<?xml version="1.0" encoding="UTF-8"?>
<!-- Generated by org.testng.reporters.JUnitReportReporter -->
<testsuite hostname="LAPTOP-VDE2I4SU" failures="0" tests="1" name="com.obsqura.testscripts.PushNotificationsTest" time="5.261" errors="0" timestamp="2023-05-03T19:25:54 IST" skipped="0">
  <testcase classname="com.obsqura.testscripts.PushNotificationsTest" name="verfyNotificationSentSuccessfully" time="5.261"/>
  <system-out/>
</testsuite> <!-- com.obsqura.testscripts.PushNotificationsTest -->
