<?xml version="1.0" encoding="UTF-8"?>
<!-- Generated by org.testng.reporters.JUnitReportReporter -->
<testsuite hostname="LAPTOP-VDE2I4SU" failures="0" tests="2" name="com.obsqura.testscripts.ManagePagesTest" time="13.106" errors="0" timestamp="2023-05-03T19:25:54 IST" skipped="0">
  <testcase classname="com.obsqura.testscripts.ManagePagesTest" name="verifyBackgroundColorOfNewButton" time="8.762"/>
  <system-out/>
  <testcase classname="com.obsqura.testscripts.ManagePagesTest" name="verifySearchfunctinality" time="4.344"/>
  <system-out/>
</testsuite> <!-- com.obsqura.testscripts.ManagePagesTest -->
