<?xml version="1.0" encoding="UTF-8"?>
<!-- Generated by org.testng.reporters.JUnitReportReporter -->
<testsuite hostname="LAPTOP-VDE2I4SU" failures="0" tests="1" name="com.obsqura.testscripts.Base" time="3.473" errors="0" timestamp="2023-04-03T17:25:58 IST" skipped="0">
  <testcase classname="com.obsqura.testscripts.Base" name="test" time="3.473"/>
  <system-out/>
</testsuite> <!-- com.obsqura.testscripts.Base -->
