<?xml version="1.0" encoding="UTF-8"?>
<!-- Generated by org.testng.reporters.JUnitReportReporter -->
<testsuite hostname="LAPTOP-VDE2I4SU" failures="0" tests="5" name="com.obsqura.testscripts.ManageLocationTest" time="30.996" errors="0" timestamp="2023-05-03T19:25:54 IST" skipped="2">
  <testcase classname="com.obsqura.testscripts.ManageLocationTest" name="verifyAddLocationInformations" time="10.653"/>
  <system-out/>
  <testcase classname="com.obsqura.testscripts.ManageLocationTest" name="verifySearchusingCountryAndState" time="4.388">
    <skipped/>
  </testcase> <!-- verifySearchusingCountryAndState -->
  <system-out/>
  <testcase classname="com.obsqura.testscripts.ManageLocationTest" name="verifySearchusingCountryAndState" time="4.417">
    <skipped/>
  </testcase> <!-- verifySearchusingCountryAndState -->
  <system-out/>
  <testcase classname="com.obsqura.testscripts.ManageLocationTest" name="verifySearchusingCountryAndState" time="6.050"/>
  <system-out/>
  <testcase classname="com.obsqura.testscripts.ManageLocationTest" name="verifyEditFunctionality" time="5.488"/>
  <system-out/>
</testsuite> <!-- com.obsqura.testscripts.ManageLocationTest -->
