<?xml version="1.0" encoding="UTF-8"?>
<!-- Generated by org.testng.reporters.JUnitReportReporter -->
<testsuite hostname="LAPTOP-VDE2I4SU" failures="0" tests="5" name="com.obsqura.testscripts.LoginPageTest" time="18.571" errors="0" timestamp="2023-05-03T19:25:54 IST" skipped="0">
  <testcase classname="com.obsqura.testscripts.LoginPageTest" name="verifylogin" time="3.186"/>
  <system-out/>
  <testcase classname="com.obsqura.testscripts.LoginPageTest" name="verifylogin" time="3.289"/>
  <system-out/>
  <testcase classname="com.obsqura.testscripts.LoginPageTest" name="verifylogin" time="5.320"/>
  <system-out/>
  <testcase classname="com.obsqura.testscripts.LoginPageTest" name="verifyAlertMessageWithInvalidUsernameAndValidPassword" time="3.155"/>
  <system-out/>
  <testcase classname="com.obsqura.testscripts.LoginPageTest" name="verifyLoginwithValidUsernameAndPassword" time="3.621"/>
  <system-out/>
</testsuite> <!-- com.obsqura.testscripts.LoginPageTest -->
