<?xml version="1.0" encoding="UTF-8"?>
<!-- Generated by org.testng.reporters.JUnitReportReporter -->
<testsuite hostname="LAPTOP-VDE2I4SU" failures="0" tests="3" name="com.obsqura.testscripts.ManageDeliveryBoyTest" time="17.625" errors="0" timestamp="2023-04-26T01:16:42 IST" skipped="0">
  <testcase classname="com.obsqura.testscripts.ManageDeliveryBoyTest" name="verifythatWhenaddingNewDeliveryBoyduplicateUserNameisNotAllowed" time="5.547"/>
  <system-out/>
  <testcase classname="com.obsqura.testscripts.ManageDeliveryBoyTest" name="verifyTitleListDeliveryBoyWhenNavigatetoTheManageDeliveryBoyPage" time="4.012"/>
  <system-out/>
  <testcase classname="com.obsqura.testscripts.ManageDeliveryBoyTest" name="verifynewDeliveryBoyDetailsUpdated" time="8.066"/>
  <system-out/>
</testsuite> <!-- com.obsqura.testscripts.ManageDeliveryBoyTest -->
