<?xml version="1.0" encoding="UTF-8"?>
<!-- Generated by org.testng.reporters.JUnitReportReporter -->
<testsuite hostname="LAPTOP-VDE2I4SU" failures="0" tests="5" name="com.obsqura.testscripts.AdminUsersTest" time="26.502" errors="0" timestamp="2023-05-03T19:25:54 IST" skipped="0">
  <testcase classname="com.obsqura.testscripts.AdminUsersTest" name="verifyDeleteFunctionalityAndCheckAlert" time="4.708"/>
  <system-out/>
  <testcase classname="com.obsqura.testscripts.AdminUsersTest" name="verifyUnlockButtonChangesStatusofUserbyCheckingBackgroundColor" time="5.018"/>
  <system-out/>
  <testcase classname="com.obsqura.testscripts.AdminUsersTest" name="verifydropdownMenuWhenAddingUsersInformation" time="4.394"/>
  <system-out/>
  <testcase classname="com.obsqura.testscripts.AdminUsersTest" name="verifyAddingUsersInformations" time="5.186"/>
  <system-out/>
  <testcase classname="com.obsqura.testscripts.AdminUsersTest" name="verifyWhenClickingHomeinAdminUsersPageitgoestoDashBoardPage" time="7.196"/>
  <system-out/>
</testsuite> <!-- com.obsqura.testscripts.AdminUsersTest -->
