<?xml version="1.0" encoding="UTF-8"?>
<!-- Generated by org.testng.reporters.JUnitReportReporter -->
<testsuite skipped="0" hostname="LAPTOP-VDE2I4SU" name="com.obsqura.testscripts.PushNotificationsTest" tests="1" failures="0" timestamp="2023-05-01T21:54:30 IST" time="30.608" errors="0">
  <testcase name="verfyNotificationSentSuccessfully" time="30.608" classname="com.obsqura.testscripts.PushNotificationsTest"/>
  <system-out/>
</testsuite> <!-- com.obsqura.testscripts.PushNotificationsTest -->
