<?xml version="1.0" encoding="UTF-8"?>
<!-- Generated by org.testng.reporters.JUnitReportReporter -->
<testsuite skipped="0" hostname="LAPTOP-VDE2I4SU" name="com.obsqura.testscripts.ManageSliderTest" tests="2" failures="0" timestamp="2023-05-01T21:54:30 IST" time="12.121" errors="0">
  <testcase name="verifyeditbuttonAllignedBeforeDeleteButton" time="5.963" classname="com.obsqura.testscripts.ManageSliderTest"/>
  <system-out/>
  <testcase name="verifyImageUploadedSuccesfully" time="6.158" classname="com.obsqura.testscripts.ManageSliderTest"/>
  <system-out/>
</testsuite> <!-- com.obsqura.testscripts.ManageSliderTest -->
