<?xml version="1.0" encoding="UTF-8"?>
<!-- Generated by org.testng.reporters.JUnitReportReporter -->
<testsuite skipped="2" hostname="LAPTOP-VDE2I4SU" name="com.obsqura.testscripts.ManageLocationTest" tests="5" failures="0" timestamp="2023-05-01T21:54:30 IST" time="30.420" errors="0">
  <testcase name="verifyEditFunctionality" time="6.576" classname="com.obsqura.testscripts.ManageLocationTest"/>
  <system-out/>
  <testcase name="verifySearchusingCountryAndState" time="5.128" classname="com.obsqura.testscripts.ManageLocationTest">
    <skipped/>
  </testcase> <!-- verifySearchusingCountryAndState -->
  <system-out/>
  <testcase name="verifyAddLocationInformations" time="6.211" classname="com.obsqura.testscripts.ManageLocationTest"/>
  <system-out/>
  <testcase name="verifySearchusingCountryAndState" time="7.482" classname="com.obsqura.testscripts.ManageLocationTest"/>
  <system-out/>
  <testcase name="verifySearchusingCountryAndState" time="5.023" classname="com.obsqura.testscripts.ManageLocationTest">
    <skipped/>
  </testcase> <!-- verifySearchusingCountryAndState -->
  <system-out/>
</testsuite> <!-- com.obsqura.testscripts.ManageLocationTest -->
