<?xml version="1.0" encoding="UTF-8"?>
<!-- Generated by org.testng.reporters.JUnitReportReporter -->
<testsuite skipped="0" hostname="LAPTOP-VDE2I4SU" name="com.obsqura.testscripts.ManageProductTest" tests="2" failures="0" timestamp="2023-05-01T21:54:30 IST" time="11.162" errors="0">
  <testcase name="verifyManageProductPageIsAvailableWhenClickintoManageProductfromleftPane" time="5.520" classname="com.obsqura.testscripts.ManageProductTest"/>
  <system-out/>
  <testcase name="verifyColorChangeofStockUnlimitedButtontoLimited" time="5.642" classname="com.obsqura.testscripts.ManageProductTest"/>
  <system-out/>
</testsuite> <!-- com.obsqura.testscripts.ManageProductTest -->
