<?xml version="1.0" encoding="UTF-8"?>
<!-- Generated by org.testng.reporters.JUnitReportReporter -->
<testsuite skipped="0" hostname="LAPTOP-VDE2I4SU" name="com.obsqura.testscripts.ManageUsersTest" tests="3" failures="0" timestamp="2023-05-01T21:54:30 IST" time="15.163" errors="0">
  <testcase name="verifyBackGroundColorOfAlert" time="5.091" classname="com.obsqura.testscripts.ManageUsersTest"/>
  <system-out/>
  <testcase name="verifythatWhenclickingPaaswordButtonPasswordIsShownInBelowRow" time="4.561" classname="com.obsqura.testscripts.ManageUsersTest"/>
  <system-out/>
  <testcase name="verifySearchFunctinality" time="5.511" classname="com.obsqura.testscripts.ManageUsersTest"/>
  <system-out/>
</testsuite> <!-- com.obsqura.testscripts.ManageUsersTest -->
