<?xml version="1.0" encoding="UTF-8"?>
<!-- Generated by org.testng.reporters.JUnitReportReporter -->
<testsuite skipped="0" hostname="LAPTOP-VDE2I4SU" name="com.obsqura.testscripts.LoginPageTest" tests="5" failures="0" timestamp="2023-05-01T21:54:30 IST" time="24.687" errors="0">
  <testcase name="verifylogin" time="6.038" classname="com.obsqura.testscripts.LoginPageTest"/>
  <system-out/>
  <testcase name="verifylogin" time="4.942" classname="com.obsqura.testscripts.LoginPageTest"/>
  <system-out/>
  <testcase name="verifylogin" time="4.786" classname="com.obsqura.testscripts.LoginPageTest"/>
  <system-out/>
  <testcase name="verifyAlertMessageWithInvalidUsernameAndValidPassword" time="4.270" classname="com.obsqura.testscripts.LoginPageTest"/>
  <system-out/>
  <testcase name="verifyLoginwithValidUsernameAndPassword" time="4.651" classname="com.obsqura.testscripts.LoginPageTest"/>
  <system-out/>
</testsuite> <!-- com.obsqura.testscripts.LoginPageTest -->
