<?xml version="1.0" encoding="UTF-8"?>
<!-- Generated by org.testng.reporters.JUnitReportReporter -->
<testsuite skipped="0" hostname="LAPTOP-VDE2I4SU" name="com.obsqura.testscripts.ManagePagesTest" tests="2" failures="0" timestamp="2023-05-01T21:54:30 IST" time="10.364" errors="0">
  <testcase name="verifyBackgroundColorOfNewButton" time="5.165" classname="com.obsqura.testscripts.ManagePagesTest"/>
  <system-out/>
  <testcase name="verifySearchfunctinality" time="5.199" classname="com.obsqura.testscripts.ManagePagesTest"/>
  <system-out/>
</testsuite> <!-- com.obsqura.testscripts.ManagePagesTest -->
