<?xml version="1.0" encoding="UTF-8"?>
<!-- Generated by org.testng.reporters.JUnitReportReporter -->
<testsuite skipped="0" hostname="LAPTOP-VDE2I4SU" name="com.obsqura.testscripts.ExpenseCategoryTest" tests="3" failures="0" timestamp="2023-05-01T21:54:30 IST" time="16.125" errors="0">
  <testcase name="verifyWidthOfActionColumn" time="5.157" classname="com.obsqura.testscripts.ExpenseCategoryTest"/>
  <system-out/>
  <testcase name="verifyAddingExpenseCategoryInformationswithDuplicateTitle" time="5.631" classname="com.obsqura.testscripts.ExpenseCategoryTest"/>
  <system-out/>
  <testcase name="verifyRowCountofExpenseCategoryTable" time="5.337" classname="com.obsqura.testscripts.ExpenseCategoryTest"/>
  <system-out/>
</testsuite> <!-- com.obsqura.testscripts.ExpenseCategoryTest -->
