<?xml version="1.0" encoding="UTF-8"?>
<!-- Generated by org.testng.reporters.JUnitReportReporter -->
<testsuite skipped="0" hostname="LAPTOP-VDE2I4SU" name="com.obsqura.testscripts.ManageProductTest" tests="1" failures="0" timestamp="2023-04-14T08:36:24 IST" time="9.531" errors="0">
  <testcase name="verifyColorChangeofStockUnlimitedButtontoLimited" time="9.531" classname="com.obsqura.testscripts.ManageProductTest"/>
  <system-out/>
</testsuite> <!-- com.obsqura.testscripts.ManageProductTest -->
