<?xml version="1.0" encoding="UTF-8"?>
<!-- Generated by org.testng.reporters.JUnitReportReporter -->
<testsuite skipped="0" hostname="LAPTOP-VDE2I4SU" name="com.obsqura.testscripts.ManageDeliveryBoyTest" tests="3" failures="0" timestamp="2023-05-01T21:54:30 IST" time="23.813" errors="0">
  <testcase name="verifyTitleListDeliveryBoyWhenNavigatetoTheManageDeliveryBoyPage" time="5.186" classname="com.obsqura.testscripts.ManageDeliveryBoyTest"/>
  <system-out/>
  <testcase name="verifythatWhenaddingNewDeliveryBoyduplicateUserNameisNotAllowed" time="6.733" classname="com.obsqura.testscripts.ManageDeliveryBoyTest"/>
  <system-out/>
  <testcase name="verifynewDeliveryBoyDetailsUpdated" time="11.894" classname="com.obsqura.testscripts.ManageDeliveryBoyTest"/>
  <system-out/>
</testsuite> <!-- com.obsqura.testscripts.ManageDeliveryBoyTest -->
