<?xml version="1.0" encoding="UTF-8"?>
<!-- Generated by org.testng.reporters.JUnitReportReporter -->
<testsuite skipped="0" hostname="LAPTOP-VDE2I4SU" name="com.obsqura.testscripts.ManageOfferCodeTest" tests="2" failures="0" timestamp="2023-05-01T21:54:30 IST" time="13.098" errors="0">
  <testcase name="verifyNewFunctinalityinOfferCodesListAndOffercodeUpdatedSuccessfully" time="7.662" classname="com.obsqura.testscripts.ManageOfferCodeTest"/>
  <system-out/>
  <testcase name="verifySearchIfElementisNotPresent" time="5.436" classname="com.obsqura.testscripts.ManageOfferCodeTest"/>
  <system-out/>
</testsuite> <!-- com.obsqura.testscripts.ManageOfferCodeTest -->
