<?xml version="1.0" encoding="UTF-8"?>
<!-- Generated by org.testng.reporters.JUnitReportReporter -->
<testsuite skipped="0" hostname="LAPTOP-VDE2I4SU" name="com.obsqura.testscripts.AdminUsersTest" tests="5" failures="0" timestamp="2023-05-01T21:54:30 IST" time="30.229" errors="0">
  <testcase name="verifyDeleteFunctionalityAndCheckAlert" time="7.183" classname="com.obsqura.testscripts.AdminUsersTest"/>
  <system-out/>
  <testcase name="verifyAddingUsersInformations" time="6.299" classname="com.obsqura.testscripts.AdminUsersTest"/>
  <system-out/>
  <testcase name="verifyWhenClickingHomeinAdminUsersPageitgoestoDashBoardPage" time="5.500" classname="com.obsqura.testscripts.AdminUsersTest"/>
  <system-out/>
  <testcase name="verifydropdownMenuWhenAddingUsersInformation" time="5.801" classname="com.obsqura.testscripts.AdminUsersTest"/>
  <system-out/>
  <testcase name="verifyUnlockButtonChangesStatusofUserbyCheckingBackgroundColor" time="5.446" classname="com.obsqura.testscripts.AdminUsersTest"/>
  <system-out/>
</testsuite> <!-- com.obsqura.testscripts.AdminUsersTest -->
