<?xml version="1.0" encoding="UTF-8"?>
<!-- Generated by org.testng.reporters.JUnitReportReporter -->
<testsuite skipped="0" hostname="LAPTOP-VDE2I4SU" name="com.obsqura.testscripts.ManagePaymentMethodsTest" tests="2" failures="0" timestamp="2023-05-01T21:54:30 IST" time="10.970" errors="0">
  <testcase name="verifythatEditchangesInPaylimitUpdatedInManagePaymentMethodsTable" time="5.816" classname="com.obsqura.testscripts.ManagePaymentMethodsTest"/>
  <system-out/>
  <testcase name="verifytableheadersofManagePaymentMethods" time="5.154" classname="com.obsqura.testscripts.ManagePaymentMethodsTest"/>
  <system-out/>
</testsuite> <!-- com.obsqura.testscripts.ManagePaymentMethodsTest -->
